#
# A fatal error has been detected by the Java Runtime Environment:
#
#  EXCEPTION_ACCESS_VIOLATION (0xc0000005) at pc=0x00000000689a33d0, pid=16768, tid=0x0000000000000f3c
#
# JRE version: OpenJDK Runtime Environment (8.0_242-b01) (build 1.8.0_242-release-1644-b01)
# Java VM: OpenJDK 64-Bit Server VM (25.242-b01 mixed mode windows-amd64 compressed oops)
# Problematic frame:
# V  [jvm.dll+0x4733d0]
#
# Failed to write core dump. Minidumps are not enabled by default on client versions of Windows
#
# If you would like to submit a bug report, please visit:
#   
#

---------------  T H R E A D  ---------------

Current thread (0x0000000017bfe000):  JavaThread "C2 CompilerThread1" daemon [_thread_in_native, id=3900, stack(0x000000001a3e0000,0x000000001a4e0000)]

siginfo: ExceptionCode=0xc0000005, reading address 0x0000000268cff750

Registers:
RAX=0x0000000000000000, RBX=0x0000000020b49570, RCX=0x0000000268cff750, RDX=0x0000000000000000
RSP=0x000000001a4dc450, RBP=0x000000000000001e, RSI=0x00000000000000f0, RDI=0x000000001a4dc4a0
R8 =0x0000000000400000, R9 =0x0000000020098200, R10=0x0000000068530000, R11=0x000000001a4dc370
R12=0x0000000068cff750, R13=0x0000000068530000, R14=0x0000000019a47d48, R15=0x00000000000003d8
RIP=0x00000000689a33d0, EFLAGS=0x0000000000010246

Top of Stack: (sp=0x000000001a4dc450)
0x000000001a4dc450:   000000001a4dec20 0000000020b46ff0
0x000000001a4dc460:   fffffffffffffff8 00000000199e77e0
0x000000001a4dc470:   0000000000000ed6 000000006899e49f
0x000000001a4dc480:   0000000020b494d0 0000000020b49570
0x000000001a4dc490:   0000000000000ed6 000000001a4dc580
0x000000001a4dc4a0:   00000eda00000000 0000000000000007
0x000000001a4dc4b0:   0000000268cff750 000000000000000f
0x000000001a4dc4c0:   000000002072ce20 0000000000000041
0x000000001a4dc4d0:   0000000020b49610 000000001a4dc870
0x000000001a4dc4e0:   0000000019a47970 000000001a4dc870
0x000000001a4dc4f0:   0000000019a47960 000000006896ac11
0x000000001a4dc500:   0000000000000000 000000001a4dc600
0x000000001a4dc510:   0000000000000000 0000000000000009
0x000000001a4dc520:   0000000000000006 0000000019a47960
0x000000001a4dc530:   00000000218b4eb0 00000000218b61e0
0x000000001a4dc540:   00000000218bce98 000000000129eb48 

Instructions: (pc=0x00000000689a33d0)
0x00000000689a33b0:   48 8b 4f 20 48 39 04 0e 0f 84 9d 00 00 00 48 8b
0x00000000689a33c0:   0c 0e 33 d2 33 c0 48 89 4f 10 66 0f 1f 44 00 00
0x00000000689a33d0:   83 3c 08 00 0f 85 36 01 00 00 ff c2 48 83 c0 04
0x00000000689a33e0:   83 fa 08 72 eb 48 8b 47 30 48 89 44 24 30 48 85 


Register to memory mapping:

RAX=0x0000000000000000 is an unknown value
RBX=0x0000000020b49570 is an unknown value
RCX=0x0000000268cff750 is an unknown value
RDX=0x0000000000000000 is an unknown value
RSP=0x000000001a4dc450 is pointing into the stack for thread: 0x0000000017bfe000
RBP=0x000000000000001e is an unknown value
RSI=0x00000000000000f0 is an unknown value
RDI=0x000000001a4dc4a0 is pointing into the stack for thread: 0x0000000017bfe000
R8 =0x0000000000400000 is an unknown value
R9 =0x0000000020098200 is an unknown value
R10=0x0000000068530000 is an unknown value
R11=0x000000001a4dc370 is pointing into the stack for thread: 0x0000000017bfe000
R12=0x0000000068cff750 is an unknown value
R13=0x0000000068530000 is an unknown value
R14=0x0000000019a47d48 is an unknown value
R15=0x00000000000003d8 is an unknown value


Stack: [0x000000001a3e0000,0x000000001a4e0000],  sp=0x000000001a4dc450,  free space=1009k
Native frames: (J=compiled Java code, j=interpreted, Vv=VM code, C=native code)
V  [jvm.dll+0x4733d0]
V  [jvm.dll+0x46e49f]
V  [jvm.dll+0x43ac11]
V  [jvm.dll+0x4456ab]
V  [jvm.dll+0x447fa8]
V  [jvm.dll+0x42b072]
V  [jvm.dll+0x8230f]
V  [jvm.dll+0x82c7f]
V  [jvm.dll+0x220b7f]
V  [jvm.dll+0x27276a]
C  [msvcr100.dll+0x21d9f]
C  [msvcr100.dll+0x21e3b]
C  [KERNEL32.DLL+0x154e0]
C  [ntdll.dll+0x485b]


Current CompileTask:
C2:   2116 1455       4       java.net.URLClassLoader$1::run (5 bytes)


---------------  P R O C E S S  ---------------

Java Threads: ( => current thread )
  0x000000001c97d800 JavaThread "Cache worker for file hash cache (E:\siddharth\codes\samraj\Selbum-App-main\.gradle\6.1.1\fileHashes)" [_thread_blocked, id=22076, stack(0x0000000020f60000,0x0000000021060000)]
  0x000000001c97c800 JavaThread "Cache worker for checksums cache (E:\siddharth\codes\samraj\Selbum-App-main\.gradle\checksums)" [_thread_blocked, id=20708, stack(0x0000000020e60000,0x0000000020f60000)]
  0x000000001c97c000 JavaThread "Cache worker for file hash cache (C:\Users\91799\.gradle\caches\6.1.1\fileHashes)" [_thread_blocked, id=18224, stack(0x000000001e810000,0x000000001e910000)]
  0x000000001c97b000 JavaThread "File lock request listener" [_thread_in_native, id=22408, stack(0x000000001e710000,0x000000001e810000)]
  0x000000001c6a2000 JavaThread "Cache worker for journal cache (C:\Users\91799\.gradle\caches\journal-1)" [_thread_blocked, id=9716, stack(0x000000001e610000,0x000000001e710000)]
  0x000000001a9ee000 JavaThread "Thread-9" [_thread_blocked, id=14368, stack(0x000000001e310000,0x000000001e410000)]
  0x000000001c674000 JavaThread "Stdin handler" [_thread_blocked, id=4292, stack(0x000000001e210000,0x000000001e310000)]
  0x000000001c672800 JavaThread "Asynchronous log dispatcher for DefaultDaemonConnection: socket connection from /127.0.0.1:4555 to /127.0.0.1:4556" [_thread_blocked, id=19220, stack(0x000000001e110000,0x000000001e210000)]
  0x000000001c669000 JavaThread "Daemon worker" [_thread_in_vm, id=23220, stack(0x000000001df10000,0x000000001e010000)]
  0x000000001c67b000 JavaThread "Cancel handler" [_thread_blocked, id=17884, stack(0x000000001de10000,0x000000001df10000)]
  0x000000001c606800 JavaThread "Handler for socket connection from /127.0.0.1:4555 to /127.0.0.1:4556" [_thread_in_native, id=3796, stack(0x000000001db10000,0x000000001dc10000)]
  0x000000001c600000 JavaThread "Daemon" [_thread_blocked, id=2128, stack(0x000000001da10000,0x000000001db10000)]
  0x000000001c5f0800 JavaThread "Daemon periodic checks" [_thread_blocked, id=22872, stack(0x000000001d910000,0x000000001da10000)]
  0x000000001c5dc000 JavaThread "Incoming local TCP Connector on port 4555" [_thread_in_native, id=22892, stack(0x000000001d6c0000,0x000000001d7c0000)]
  0x000000001a99d800 JavaThread "Daemon health stats" [_thread_blocked, id=2404, stack(0x000000001d080000,0x000000001d180000)]
  0x0000000019a77000 JavaThread "Service Thread" daemon [_thread_blocked, id=1708, stack(0x000000001a6e0000,0x000000001a7e0000)]
  0x00000000199ec800 JavaThread "C1 CompilerThread3" daemon [_thread_blocked, id=16996, stack(0x000000001a5e0000,0x000000001a6e0000)]
  0x00000000199e8800 JavaThread "C2 CompilerThread2" daemon [_thread_in_vm, id=11160, stack(0x000000001a4e0000,0x000000001a5e0000)]
=>0x0000000017bfe000 JavaThread "C2 CompilerThread1" daemon [_thread_in_native, id=3900, stack(0x000000001a3e0000,0x000000001a4e0000)]
  0x0000000017bfa000 JavaThread "C2 CompilerThread0" daemon [_thread_in_native, id=23016, stack(0x000000001a2e0000,0x000000001a3e0000)]
  0x00000000199e4800 JavaThread "Attach Listener" daemon [_thread_blocked, id=6592, stack(0x000000001a1e0000,0x000000001a2e0000)]
  0x00000000199e3800 JavaThread "Signal Dispatcher" daemon [_thread_blocked, id=19968, stack(0x000000001a0e0000,0x000000001a1e0000)]
  0x0000000002b7c800 JavaThread "Finalizer" daemon [_thread_blocked, id=19260, stack(0x0000000019eb0000,0x0000000019fb0000)]
  0x00000000199d0800 JavaThread "Reference Handler" daemon [_thread_blocked, id=5720, stack(0x0000000019db0000,0x0000000019eb0000)]
  0x0000000002a82800 JavaThread "main" [_thread_blocked, id=9656, stack(0x00000000028f0000,0x00000000029f0000)]

Other Threads:
  0x0000000017be8800 VMThread [stack: 0x00000000198b0000,0x00000000199b0000] [id=21488]
  0x0000000019a78000 WatcherThread [stack: 0x000000001a7e0000,0x000000001a8e0000] [id=20844]

VM state:not at safepoint (normal execution)

VM Mutex/Monitor currently owned by a thread: None

heap address: 0x0000000080000000, size: 2048 MB, Compressed Oops mode: 32-bit
Narrow klass base: 0x0000000000000000, Narrow klass shift: 3
Compressed class space size: 1073741824 Address: 0x0000000100000000

Heap:
 PSYoungGen      total 37888K, used 23278K [0x00000000d5580000, 0x00000000da980000, 0x0000000100000000)
  eden space 32768K, 55% used [0x00000000d5580000,0x00000000d673f830,0x00000000d7580000)
  from space 5120K, 99% used [0x00000000d7580000,0x00000000d7a7c010,0x00000000d7a80000)
  to   space 10240K, 0% used [0x00000000d9f80000,0x00000000d9f80000,0x00000000da980000)
 ParOldGen       total 86016K, used 7125K [0x0000000080000000, 0x0000000085400000, 0x00000000d5580000)
  object space 86016K, 8% used [0x0000000080000000,0x00000000806f5548,0x0000000085400000)
 Metaspace       used 19395K, capacity 20014K, committed 20352K, reserved 1067008K
  class space    used 2705K, capacity 2903K, committed 2944K, reserved 1048576K

Card table byte_map: [0x0000000011f40000,0x0000000012350000] byte_map_base: 0x0000000011b40000

Marking Bits: (ParMarkBitMap*) 0x0000000068cff030
 Begin Bits: [0x0000000012e00000, 0x0000000014e00000)
 End Bits:   [0x0000000014e00000, 0x0000000016e00000)

Polling page: 0x00000000029f0000

CodeCache: size=245760Kb used=5806Kb max_used=5825Kb free=239953Kb
 bounds [0x0000000002b80000, 0x0000000003140000, 0x0000000011b80000]
 total_blobs=2116 nmethods=1700 adapters=329
 compilation: enabled

Compilation events (10 events):
Event: 2.090 Thread 0x00000000199ec800 1702       3       java.lang.Class::arrayContentsEq (70 bytes)
Event: 2.090 Thread 0x00000000199ec800 nmethod 1702 0x0000000003123590 code [0x0000000003123720, 0x0000000003123b50]
Event: 2.090 Thread 0x00000000199ec800 1699       3       java.io.ByteArrayOutputStream::<init> (7 bytes)
Event: 2.090 Thread 0x00000000199ec800 nmethod 1699 0x0000000003123150 code [0x00000000031232c0, 0x0000000003123448]
Event: 2.090 Thread 0x00000000199ec800 1701       3       java.io.ByteArrayOutputStream::grow (43 bytes)
Event: 2.091 Thread 0x00000000199ec800 nmethod 1701 0x0000000003129a50 code [0x0000000003129c00, 0x000000000312a1f8]
Event: 2.091 Thread 0x00000000199ec800 1703       3       sun.reflect.ConstructorAccessorImpl::<init> (5 bytes)
Event: 2.091 Thread 0x00000000199ec800 nmethod 1703 0x000000000312a450 code [0x000000000312a5c0, 0x000000000312a7d0]
Event: 2.093 Thread 0x00000000199ec800 1704       1       java.lang.invoke.InnerClassLambdaMetafactory::access$300 (5 bytes)
Event: 2.093 Thread 0x00000000199ec800 nmethod 1704 0x000000000311b290 code [0x000000000311b3e0, 0x000000000311b4d0]

GC Heap History (10 events):
Event: 0.560 GC heap before
{Heap before GC invocations=1 (full 0):
 PSYoungGen      total 37888K, used 32768K [0x00000000d5580000, 0x00000000d7f80000, 0x0000000100000000)
  eden space 32768K, 100% used [0x00000000d5580000,0x00000000d7580000,0x00000000d7580000)
  from space 5120K, 0% used [0x00000000d7a80000,0x00000000d7a80000,0x00000000d7f80000)
  to   space 5120K, 0% used [0x00000000d7580000,0x00000000d7580000,0x00000000d7a80000)
 ParOldGen       total 86016K, used 0K [0x0000000080000000, 0x0000000085400000, 0x00000000d5580000)
  object space 86016K, 0% used [0x0000000080000000,0x0000000080000000,0x0000000085400000)
 Metaspace       used 7473K, capacity 7696K, committed 8064K, reserved 1056768K
  class space    used 922K, capacity 1032K, committed 1152K, reserved 1048576K
Event: 0.564 GC heap after
Heap after GC invocations=1 (full 0):
 PSYoungGen      total 37888K, used 4492K [0x00000000d5580000, 0x00000000d7f80000, 0x0000000100000000)
  eden space 32768K, 0% used [0x00000000d5580000,0x00000000d5580000,0x00000000d7580000)
  from space 5120K, 87% used [0x00000000d7580000,0x00000000d79e32e8,0x00000000d7a80000)
  to   space 5120K, 0% used [0x00000000d7a80000,0x00000000d7a80000,0x00000000d7f80000)
 ParOldGen       total 86016K, used 16K [0x0000000080000000, 0x0000000085400000, 0x00000000d5580000)
  object space 86016K, 0% used [0x0000000080000000,0x0000000080004000,0x0000000085400000)
 Metaspace       used 7473K, capacity 7696K, committed 8064K, reserved 1056768K
  class space    used 922K, capacity 1032K, committed 1152K, reserved 1048576K
}
Event: 0.715 GC heap before
{Heap before GC invocations=2 (full 0):
 PSYoungGen      total 37888K, used 37260K [0x00000000d5580000, 0x00000000d7f80000, 0x0000000100000000)
  eden space 32768K, 100% used [0x00000000d5580000,0x00000000d7580000,0x00000000d7580000)
  from space 5120K, 87% used [0x00000000d7580000,0x00000000d79e32e8,0x00000000d7a80000)
  to   space 5120K, 0% used [0x00000000d7a80000,0x00000000d7a80000,0x00000000d7f80000)
 ParOldGen       total 86016K, used 16K [0x0000000080000000, 0x0000000085400000, 0x00000000d5580000)
  object space 86016K, 0% used [0x0000000080000000,0x0000000080004000,0x0000000085400000)
 Metaspace       used 7716K, capacity 8008K, committed 8320K, reserved 1056768K
  class space    used 947K, capacity 1072K, committed 1152K, reserved 1048576K
Event: 0.717 GC heap after
Heap after GC invocations=2 (full 0):
 PSYoungGen      total 37888K, used 3325K [0x00000000d5580000, 0x00000000d9f80000, 0x0000000100000000)
  eden space 32768K, 0% used [0x00000000d5580000,0x00000000d5580000,0x00000000d7580000)
  from space 5120K, 64% used [0x00000000d7a80000,0x00000000d7dbf760,0x00000000d7f80000)
  to   space 5120K, 0% used [0x00000000d7580000,0x00000000d7580000,0x00000000d7a80000)
 ParOldGen       total 86016K, used 24K [0x0000000080000000, 0x0000000085400000, 0x00000000d5580000)
  object space 86016K, 0% used [0x0000000080000000,0x0000000080006000,0x0000000085400000)
 Metaspace       used 7716K, capacity 8008K, committed 8320K, reserved 1056768K
  class space    used 947K, capacity 1072K, committed 1152K, reserved 1048576K
}
Event: 1.451 GC heap before
{Heap before GC invocations=3 (full 0):
 PSYoungGen      total 37888K, used 36093K [0x00000000d5580000, 0x00000000d9f80000, 0x0000000100000000)
  eden space 32768K, 100% used [0x00000000d5580000,0x00000000d7580000,0x00000000d7580000)
  from space 5120K, 64% used [0x00000000d7a80000,0x00000000d7dbf760,0x00000000d7f80000)
  to   space 5120K, 0% used [0x00000000d7580000,0x00000000d7580000,0x00000000d7a80000)
 ParOldGen       total 86016K, used 24K [0x0000000080000000, 0x0000000085400000, 0x00000000d5580000)
  object space 86016K, 0% used [0x0000000080000000,0x0000000080006000,0x0000000085400000)
 Metaspace       used 12062K, capacity 12368K, committed 12544K, reserved 1060864K
  class space    used 1609K, capacity 1732K, committed 1792K, reserved 1048576K
Event: 1.455 GC heap after
Heap after GC invocations=3 (full 0):
 PSYoungGen      total 37888K, used 5104K [0x00000000d5580000, 0x00000000d7f80000, 0x0000000100000000)
  eden space 32768K, 0% used [0x00000000d5580000,0x00000000d5580000,0x00000000d7580000)
  from space 5120K, 99% used [0x00000000d7580000,0x00000000d7a7c010,0x00000000d7a80000)
  to   space 5120K, 0% used [0x00000000d7a80000,0x00000000d7a80000,0x00000000d7f80000)
 ParOldGen       total 86016K, used 1173K [0x0000000080000000, 0x0000000085400000, 0x00000000d5580000)
  object space 86016K, 1% used [0x0000000080000000,0x00000000801256e0,0x0000000085400000)
 Metaspace       used 12062K, capacity 12368K, committed 12544K, reserved 1060864K
  class space    used 1609K, capacity 1732K, committed 1792K, reserved 1048576K
}
Event: 1.718 GC heap before
{Heap before GC invocations=4 (full 0):
 PSYoungGen      total 37888K, used 37872K [0x00000000d5580000, 0x00000000d7f80000, 0x0000000100000000)
  eden space 32768K, 100% used [0x00000000d5580000,0x00000000d7580000,0x00000000d7580000)
  from space 5120K, 99% used [0x00000000d7580000,0x00000000d7a7c010,0x00000000d7a80000)
  to   space 5120K, 0% used [0x00000000d7a80000,0x00000000d7a80000,0x00000000d7f80000)
 ParOldGen       total 86016K, used 1173K [0x0000000080000000, 0x0000000085400000, 0x00000000d5580000)
  object space 86016K, 1% used [0x0000000080000000,0x00000000801256e0,0x0000000085400000)
 Metaspace       used 15314K, capacity 15736K, committed 15872K, reserved 1062912K
  class space    used 2046K, capacity 2188K, committed 2304K, reserved 1048576K
Event: 1.727 GC heap after
Heap after GC invocations=4 (full 0):
 PSYoungGen      total 37888K, used 5104K [0x00000000d5580000, 0x00000000d9f80000, 0x0000000100000000)
  eden space 32768K, 0% used [0x00000000d5580000,0x00000000d5580000,0x00000000d7580000)
  from space 5120K, 99% used [0x00000000d7a80000,0x00000000d7f7c030,0x00000000d7f80000)
  to   space 5120K, 0% used [0x00000000d7580000,0x00000000d7580000,0x00000000d7a80000)
 ParOldGen       total 86016K, used 3882K [0x0000000080000000, 0x0000000085400000, 0x00000000d5580000)
  object space 86016K, 4% used [0x0000000080000000,0x00000000803ca890,0x0000000085400000)
 Metaspace       used 15314K, capacity 15736K, committed 15872K, reserved 1062912K
  class space    used 2046K, capacity 2188K, committed 2304K, reserved 1048576K
}
Event: 1.986 GC heap before
{Heap before GC invocations=5 (full 0):
 PSYoungGen      total 37888K, used 37872K [0x00000000d5580000, 0x00000000d9f80000, 0x0000000100000000)
  eden space 32768K, 100% used [0x00000000d5580000,0x00000000d7580000,0x00000000d7580000)
  from space 5120K, 99% used [0x00000000d7a80000,0x00000000d7f7c030,0x00000000d7f80000)
  to   space 5120K, 0% used [0x00000000d7580000,0x00000000d7580000,0x00000000d7a80000)
 ParOldGen       total 86016K, used 3882K [0x0000000080000000, 0x0000000085400000, 0x00000000d5580000)
  object space 86016K, 4% used [0x0000000080000000,0x00000000803ca890,0x0000000085400000)
 Metaspace       used 18042K, capacity 18598K, committed 18816K, reserved 1064960K
  class space    used 2476K, capacity 2669K, committed 2688K, reserved 1048576K
Event: 1.992 GC heap after
Heap after GC invocations=5 (full 0):
 PSYoungGen      total 37888K, used 5104K [0x00000000d5580000, 0x00000000da980000, 0x0000000100000000)
  eden space 32768K, 0% used [0x00000000d5580000,0x00000000d5580000,0x00000000d7580000)
  from space 5120K, 99% used [0x00000000d7580000,0x00000000d7a7c010,0x00000000d7a80000)
  to   space 10240K, 0% used [0x00000000d9f80000,0x00000000d9f80000,0x00000000da980000)
 ParOldGen       total 86016K, used 7125K [0x0000000080000000, 0x0000000085400000, 0x00000000d5580000)
  object space 86016K, 8% used [0x0000000080000000,0x00000000806f5548,0x0000000085400000)
 Metaspace       used 18042K, capacity 18598K, committed 18816K, reserved 1064960K
  class space    used 2476K, capacity 2669K, committed 2688K, reserved 1048576K
}

Deoptimization events (10 events):
Event: 1.446 Thread 0x000000001c669000 Uncommon trap: reason=bimorphic action=maybe_recompile pc=0x0000000002e2ce28 method=java.util.HashMap.putVal(ILjava/lang/Object;Ljava/lang/Object;ZZ)Ljava/lang/Object; @ 253
Event: 1.446 Thread 0x000000001c669000 Uncommon trap: reason=bimorphic action=maybe_recompile pc=0x0000000002e2ce28 method=java.util.HashMap.putVal(ILjava/lang/Object;Ljava/lang/Object;ZZ)Ljava/lang/Object; @ 253
Event: 1.446 Thread 0x000000001c669000 Uncommon trap: reason=bimorphic action=maybe_recompile pc=0x0000000002e2ce28 method=java.util.HashMap.putVal(ILjava/lang/Object;Ljava/lang/Object;ZZ)Ljava/lang/Object; @ 253
Event: 1.579 Thread 0x000000001c669000 Uncommon trap: reason=class_check action=maybe_recompile pc=0x0000000002ea2644 method=java.util.regex.Matcher.match(II)Z @ 86
Event: 1.579 Thread 0x000000001c669000 Uncommon trap: reason=class_check action=maybe_recompile pc=0x0000000002ea2644 method=java.util.regex.Matcher.match(II)Z @ 86
Event: 1.580 Thread 0x000000001c669000 Uncommon trap: reason=class_check action=maybe_recompile pc=0x0000000002ea2644 method=java.util.regex.Matcher.match(II)Z @ 86
Event: 1.580 Thread 0x000000001c669000 Uncommon trap: reason=class_check action=maybe_recompile pc=0x0000000002d4300c method=java.util.regex.Matcher.match(II)Z @ 86
Event: 1.821 Thread 0x000000001c669000 Uncommon trap: reason=unstable_if action=reinterpret pc=0x0000000002e9961c method=java.io.File.getName()Ljava/lang/String; @ 16
Event: 2.063 Thread 0x000000001c669000 Uncommon trap: reason=unstable_if action=reinterpret pc=0x0000000002d458c8 method=java.net.URI.match(CJJ)Z @ 19
Event: 2.063 Thread 0x000000001c669000 Uncommon trap: reason=unstable_if action=reinterpret pc=0x0000000002e1ef00 method=java.net.URI.match(CJJ)Z @ 19

Classes redefined (0 events):
No events

Internal exceptions (10 events):
Event: 1.414 Thread 0x000000001c606800 Exception <a 'java/lang/NoSuchMethodError': <clinit>> (0x00000000d73244b8) thrown at [C:\src\AOSP-openjdk-git\hotspot\src\share\vm\prims\jni.cpp, line 1615]
Event: 1.415 Thread 0x000000001c606800 Exception <a 'java/lang/NoSuchMethodError': <clinit>> (0x00000000d732d058) thrown at [C:\src\AOSP-openjdk-git\hotspot\src\share\vm\prims\jni.cpp, line 1615]
Event: 1.416 Thread 0x000000001c606800 Exception <a 'java/lang/NoSuchMethodError': <clinit>> (0x00000000d7343490) thrown at [C:\src\AOSP-openjdk-git\hotspot\src\share\vm\prims\jni.cpp, line 1615]
Event: 1.423 Thread 0x000000001c606800 Exception <a 'java/lang/NoSuchMethodError': <clinit>> (0x00000000d73a8ac8) thrown at [C:\src\AOSP-openjdk-git\hotspot\src\share\vm\prims\jni.cpp, line 1615]
Event: 1.425 Thread 0x000000001c606800 Exception <a 'java/lang/NoSuchMethodError': <clinit>> (0x00000000d73d5190) thrown at [C:\src\AOSP-openjdk-git\hotspot\src\share\vm\prims\jni.cpp, line 1615]
Event: 1.429 Thread 0x000000001c606800 Exception <a 'java/lang/NoSuchMethodError': <clinit>> (0x00000000d7403868) thrown at [C:\src\AOSP-openjdk-git\hotspot\src\share\vm\prims\jni.cpp, line 1615]
Event: 1.429 Thread 0x000000001c606800 Exception <a 'java/lang/NoSuchMethodError': <clinit>> (0x00000000d740e838) thrown at [C:\src\AOSP-openjdk-git\hotspot\src\share\vm\prims\jni.cpp, line 1615]
Event: 1.851 Thread 0x000000001c669000 Exception <a 'java/lang/NoSuchMethodError': java.lang.Object.lambda$and$0(Ljava/util/function/Predicate;Ljava/lang/Object;)Z> (0x00000000d6698380) thrown at [C:\src\AOSP-openjdk-git\hotspot\src\share\vm\interpreter\linkResolver.cpp, line 620]
Event: 1.854 Thread 0x000000001c669000 Exception <a 'java/lang/IncompatibleClassChangeError': Found class java.lang.Object, but interface was expected> (0x00000000d66a8b70) thrown at [C:\src\AOSP-openjdk-git\hotspot\src\share\vm\interpreter\linkResolver.cpp, line 653]
Event: 1.856 Thread 0x000000001c669000 Exception <a 'java/lang/NoSuchMethodError': java.lang.Object.lambda$or$2(Ljava/util/function/Predicate;Ljava/lang/Object;)Z> (0x00000000d66ada90) thrown at [C:\src\AOSP-openjdk-git\hotspot\src\share\vm\interpreter\linkResolver.cpp, line 620]

Events (10 events):
Event: 2.099 loading class kotlin/jvm/internal/PropertyReference2
Event: 2.099 loading class kotlin/jvm/internal/PropertyReference2 done
Event: 2.099 loading class kotlin/jvm/internal/MutablePropertyReference2
Event: 2.099 loading class kotlin/jvm/internal/MutablePropertyReference2 done
Event: 2.100 loading class kotlin/jvm/internal/MutablePropertyReference
Event: 2.100 loading class kotlin/jvm/internal/MutablePropertyReference done
Event: 2.100 loading class kotlin/jvm/internal/PropertyReference0
Event: 2.100 loading class kotlin/jvm/internal/PropertyReference0 done
Event: 2.100 loading class kotlin/jvm/internal/MutablePropertyReference0
Event: 2.100 loading class kotlin/jvm/internal/MutablePropertyReference0 done


Dynamic libraries:
0x00007ff69ee30000 - 0x00007ff69ee61000 	C:\Program Files\Android\Android Studio\jre\bin\java.exe
0x00007ffeb6b00000 - 0x00007ffeb6d07000 	C:\WINDOWS\SYSTEM32\ntdll.dll
0x00007ffeb5a50000 - 0x00007ffeb5b0d000 	C:\WINDOWS\System32\KERNEL32.DLL
0x00007ffeb43a0000 - 0x00007ffeb4714000 	C:\WINDOWS\System32\KERNELBASE.dll
0x00007ffeb0e60000 - 0x00007ffeb0ef1000 	C:\WINDOWS\SYSTEM32\apphelp.dll
0x00007ffeb5e20000 - 0x00007ffeb5ecc000 	C:\WINDOWS\System32\ADVAPI32.dll
0x00007ffeb5ed0000 - 0x00007ffeb5f73000 	C:\WINDOWS\System32\msvcrt.dll
0x00007ffeb5b70000 - 0x00007ffeb5c0d000 	C:\WINDOWS\System32\sechost.dll
0x00007ffeb55d0000 - 0x00007ffeb56f1000 	C:\WINDOWS\System32\RPCRT4.dll
0x00007ffeb6410000 - 0x00007ffeb65bc000 	C:\WINDOWS\System32\USER32.dll
0x00007ffeb4840000 - 0x00007ffeb4866000 	C:\WINDOWS\System32\win32u.dll
0x00007ffeb6a90000 - 0x00007ffeb6ab9000 	C:\WINDOWS\System32\GDI32.dll
0x00007ffeb4870000 - 0x00007ffeb4982000 	C:\WINDOWS\System32\gdi32full.dll
0x00007ffeb4720000 - 0x00007ffeb47bd000 	C:\WINDOWS\System32\msvcp_win.dll
0x00007ffeb4280000 - 0x00007ffeb4391000 	C:\WINDOWS\System32\ucrtbase.dll
0x00007ffe93a80000 - 0x00007ffe93d25000 	C:\WINDOWS\WinSxS\amd64_microsoft.windows.common-controls_6595b64144ccf1df_6.0.22000.120_none_9d947278b86cc467\COMCTL32.dll
0x00007ffeb5de0000 - 0x00007ffeb5e11000 	C:\WINDOWS\System32\IMM32.DLL
0x0000000068370000 - 0x0000000068442000 	C:\Program Files\Android\Android Studio\jre\jre\bin\msvcr100.dll
0x0000000068530000 - 0x0000000068d7b000 	C:\Program Files\Android\Android Studio\jre\jre\bin\server\jvm.dll
0x00007ffeb6240000 - 0x00007ffeb6248000 	C:\WINDOWS\System32\PSAPI.DLL
0x00007ffe96230000 - 0x00007ffe96239000 	C:\WINDOWS\SYSTEM32\WSOCK32.dll
0x00007ffeb1c20000 - 0x00007ffeb1c53000 	C:\WINDOWS\SYSTEM32\WINMM.dll
0x00007ffea2af0000 - 0x00007ffea2afa000 	C:\WINDOWS\SYSTEM32\VERSION.dll
0x00007ffeb58a0000 - 0x00007ffeb590f000 	C:\WINDOWS\System32\WS2_32.dll
0x00007ffeaff90000 - 0x00007ffeaff9f000 	C:\Program Files\Android\Android Studio\jre\jre\bin\verify.dll
0x00007ffe9fe20000 - 0x00007ffe9fe49000 	C:\Program Files\Android\Android Studio\jre\jre\bin\java.dll
0x00007ffeaff30000 - 0x00007ffeaff46000 	C:\Program Files\Android\Android Studio\jre\jre\bin\zip.dll
0x00007ffeb4e20000 - 0x00007ffeb55ce000 	C:\WINDOWS\System32\SHELL32.dll
0x00007ffeb2180000 - 0x00007ffeb29e7000 	C:\WINDOWS\SYSTEM32\windows.storage.dll
0x00007ffeb6710000 - 0x00007ffeb6a88000 	C:\WINDOWS\System32\combase.dll
0x00007ffeb2010000 - 0x00007ffeb2176000 	C:\WINDOWS\SYSTEM32\wintypes.dll
0x00007ffeb5700000 - 0x00007ffeb57ea000 	C:\WINDOWS\System32\SHCORE.dll
0x00007ffeb65c0000 - 0x00007ffeb661d000 	C:\WINDOWS\System32\shlwapi.dll
0x00007ffeb3f10000 - 0x00007ffeb3f31000 	C:\WINDOWS\SYSTEM32\profapi.dll
0x00007ffea0070000 - 0x00007ffea008a000 	C:\Program Files\Android\Android Studio\jre\jre\bin\net.dll
0x00007ffeb3580000 - 0x00007ffeb35e7000 	C:\WINDOWS\system32\mswsock.dll
0x00007ffe9fe00000 - 0x00007ffe9fe13000 	C:\Program Files\Android\Android Studio\jre\jre\bin\nio.dll
0x00007ffe9ebe0000 - 0x00007ffe9ec06000 	C:\Users\91799\.gradle\native\31\windows-amd64\native-platform.dll
0x00007ffeaff80000 - 0x00007ffeaff8d000 	C:\Program Files\Android\Android Studio\jre\jre\bin\management.dll
0x00007ffeb37c0000 - 0x00007ffeb37d8000 	C:\WINDOWS\SYSTEM32\CRYPTSP.dll
0x00007ffeb3060000 - 0x00007ffeb3095000 	C:\WINDOWS\system32\rsaenh.dll
0x00007ffeb3670000 - 0x00007ffeb3699000 	C:\WINDOWS\SYSTEM32\USERENV.dll
0x00007ffeb39c0000 - 0x00007ffeb39e7000 	C:\WINDOWS\SYSTEM32\bcrypt.dll
0x00007ffeb47c0000 - 0x00007ffeb483f000 	C:\WINDOWS\System32\bcryptprimitives.dll
0x00007ffeb37e0000 - 0x00007ffeb37ec000 	C:\WINDOWS\SYSTEM32\CRYPTBASE.dll
0x00007ffeb2c30000 - 0x00007ffeb2c5d000 	C:\WINDOWS\SYSTEM32\IPHLPAPI.DLL
0x00007ffeb5c10000 - 0x00007ffeb5c19000 	C:\WINDOWS\System32\NSI.dll
0x00007ffead0b0000 - 0x00007ffead0c9000 	C:\WINDOWS\SYSTEM32\dhcpcsvc6.DLL
0x00007ffeadb10000 - 0x00007ffeadb2e000 	C:\WINDOWS\SYSTEM32\dhcpcsvc.DLL
0x00007ffeb2c60000 - 0x00007ffeb2d47000 	C:\WINDOWS\SYSTEM32\DNSAPI.dll
0x00007ffeb19f0000 - 0x00007ffeb1c11000 	C:\WINDOWS\SYSTEM32\dbghelp.dll

VM Arguments:
jvm_args: -Xmx2048m -Dfile.encoding=UTF-8 -Duser.country=IN -Duser.language=en -Duser.variant 
java_command: org.gradle.launcher.daemon.bootstrap.GradleDaemon 6.1.1
java_class_path (initial): C:\Users\91799\.gradle\wrapper\dists\gradle-6.1.1-bin\4i3ntwqiazourd86epxcz427c\gradle-6.1.1\lib\gradle-launcher-6.1.1.jar
Launcher Type: SUN_STANDARD

Environment Variables:
PATH=C:\Program Files (x86)\Common Files\Intel\Shared Libraries\redist\intel64\compiler;C:\Program Files\Common Files\Oracle\Java\javapath;C:\Windows\system32;C:\Windows;C:\Windows\System32\Wbem;C:\Windows\System32\WindowsPowerShell\v1.0\;C:\Windows\System32\OpenSSH\;C:\Program Files\Git\cmd;C:\Program Files\Git\mingw64\bin;C:\Program Files\Git\usr\bin;C:\screen_share;C:\Program Files\Amazon\AWSCLI\bin\;C:\Program Files\Kubernetes\Minikube;C:\Program Files\Java\jdk-15.0.2\bin;;%SystemRoot%\system32;%SystemRoot%;%SystemRoot%\System32\Wbem;%SYSTEMROOT%\System32\WindowsPowerShell\v1.0\;%SYSTEMROOT%\System32\OpenSSH\;C:\Users\91799\anaconda3;C:\Users\91799\anaconda3\Library\mingw-w64\bin;C:\Users\91799\anaconda3\Library\usr\bin;C:\Users\91799\anaconda3\Library\bin;C:\Users\91799\anaconda3\Scripts;C:\Users\91799\AppData\Local\Microsoft\WindowsApps;C:\src\flutter\bin;C:\Users\91799\AppData\Roaming\Microsoft\Windows\Start Menu\Programs\Python 3.9;C:\Program Files\MongoDB\Server\4.4\bin;C:\Program Files\Google\Chrome\Application;C:\Program Files\MongoDB\mongodb-database-tools-windows-x86_64-100.3.1\bin;;C:\Users\91799\AppData\Local\Programs\Microsoft VS Code\bin
USERNAME=91799
OS=Windows_NT
PROCESSOR_IDENTIFIER=Intel64 Family 6 Model 142 Stepping 12, GenuineIntel



---------------  S Y S T E M  ---------------

OS: Windows 10.0 , 64 bit Build 22000 (10.0.22000.318)

CPU:total 8 (initial active 8) (4 cores per cpu, 2 threads per core) family 6 model 142 stepping 12, cmov, cx8, fxsr, mmx, sse, sse2, sse3, ssse3, sse4.1, sse4.2, popcnt, avx, avx2, aes, clmul, erms, 3dnowpref, lzcnt, ht, tsc, tscinvbit, bmi1, bmi2, adx

Memory: 4k page, physical 8167672k(1975176k free), swap 15507704k(6400452k free)

vm_info: OpenJDK 64-Bit Server VM (25.242-b01) for windows-amd64 JRE (1.8.0_242-release-1644-b01), built by "builder" with MS VC++ 10.0 (VS2010)

time: Sat Dec 18 15:34:41 2021
timezone: India Standard Time
elapsed time: 2 seconds (0d 0h 0m 2s)

